{"/home/jonatas/projetosTrabalho/take-blip-challenge/src/components/index.ts": {"path":"/home/jonatas/projetosTrabalho/take-blip-challenge/src/components/index.ts","statementMap":{},"fnMap":{},"branchMap":{},"s":{},"f":{},"b":{},"_coverageSchema":"1a1c01bbd47fc00a2c39e90264f33305004495a9","hash":"7f9232506f5ce3218390b8ff1d32b6d61fbe1b0c"}
,"/home/jonatas/projetosTrabalho/take-blip-challenge/src/components/Button/index.tsx": {"path":"/home/jonatas/projetosTrabalho/take-blip-challenge/src/components/Button/index.tsx","statementMap":{"0":{"start":{"line":8,"column":20},"end":{"line":14,"column":1}},"1":{"start":{"line":9,"column":2},"end":{"line":13,"column":4}}},"fnMap":{"0":{"name":"(anonymous_0)","decl":{"start":{"line":8,"column":20},"end":{"line":8,"column":21}},"loc":{"start":{"line":8,"column":71},"end":{"line":14,"column":1}},"line":8}},"branchMap":{},"s":{"0":3,"1":4},"f":{"0":4},"b":{},"_coverageSchema":"1a1c01bbd47fc00a2c39e90264f33305004495a9","hash":"0984af3ffcfafae4606ce6033258f8e602c56b08"}
,"/home/jonatas/projetosTrabalho/take-blip-challenge/src/components/Card/index.tsx": {"path":"/home/jonatas/projetosTrabalho/take-blip-challenge/src/components/Card/index.tsx","statementMap":{"0":{"start":{"line":19,"column":13},"end":{"line":74,"column":1}},"1":{"start":{"line":29,"column":30},"end":{"line":29,"column":54}},"2":{"start":{"line":30,"column":25},"end":{"line":34,"column":3}},"3":{"start":{"line":31,"column":24},"end":{"line":31,"column":34}},"4":{"start":{"line":32,"column":4},"end":{"line":32,"column":48}},"5":{"start":{"line":33,"column":4},"end":{"line":33,"column":26}},"6":{"start":{"line":35,"column":15},"end":{"line":35,"column":32}},"7":{"start":{"line":36,"column":2},"end":{"line":73,"column":4}},"8":{"start":{"line":46,"column":25},"end":{"line":46,"column":41}},"9":{"start":{"line":52,"column":25},"end":{"line":52,"column":41}},"10":{"start":{"line":57,"column":10},"end":{"line":57,"column":30}}},"fnMap":{"0":{"name":"(anonymous_0)","decl":{"start":{"line":19,"column":13},"end":{"line":19,"column":14}},"loc":{"start":{"line":28,"column":17},"end":{"line":74,"column":1}},"line":28},"1":{"name":"(anonymous_1)","decl":{"start":{"line":30,"column":25},"end":{"line":30,"column":26}},"loc":{"start":{"line":30,"column":31},"end":{"line":34,"column":3}},"line":30},"2":{"name":"(anonymous_2)","decl":{"start":{"line":46,"column":19},"end":{"line":46,"column":20}},"loc":{"start":{"line":46,"column":25},"end":{"line":46,"column":41}},"line":46},"3":{"name":"(anonymous_3)","decl":{"start":{"line":52,"column":19},"end":{"line":52,"column":20}},"loc":{"start":{"line":52,"column":25},"end":{"line":52,"column":41}},"line":52},"4":{"name":"(anonymous_4)","decl":{"start":{"line":56,"column":17},"end":{"line":56,"column":18}},"loc":{"start":{"line":56,"column":23},"end":{"line":58,"column":9}},"line":56}},"branchMap":{"0":{"loc":{"start":{"line":40,"column":6},"end":{"line":40,"column":60}},"type":"cond-expr","locations":[{"start":{"line":40,"column":34},"end":{"line":40,"column":46}},{"start":{"line":40,"column":49},"end":{"line":40,"column":60}}],"line":40},"1":{"loc":{"start":{"line":42,"column":7},"end":{"line":54,"column":7}},"type":"cond-expr","locations":[{"start":{"line":43,"column":8},"end":{"line":47,"column":10}},{"start":{"line":49,"column":8},"end":{"line":53,"column":10}}],"line":42},"2":{"loc":{"start":{"line":66,"column":11},"end":{"line":66,"column":59}},"type":"binary-expr","locations":[{"start":{"line":66,"column":11},"end":{"line":66,"column":36}},{"start":{"line":66,"column":40},"end":{"line":66,"column":59}}],"line":66},"3":{"loc":{"start":{"line":67,"column":11},"end":{"line":69,"column":11}},"type":"binary-expr","locations":[{"start":{"line":67,"column":11},"end":{"line":67,"column":35}},{"start":{"line":68,"column":12},"end":{"line":68,"column":54}}],"line":67}},"s":{"0":3,"1":2,"2":2,"3":0,"4":0,"5":0,"6":2,"7":2,"8":0,"9":0,"10":0},"f":{"0":2,"1":0,"2":0,"3":0,"4":0},"b":{"0":[2,0],"1":[2,0],"2":[2,2],"3":[2,0]},"_coverageSchema":"1a1c01bbd47fc00a2c39e90264f33305004495a9","hash":"af92a86f2dd2d10cf6e046dbba9f21c918bece07"}
,"/home/jonatas/projetosTrabalho/take-blip-challenge/src/components/Header/index.tsx": {"path":"/home/jonatas/projetosTrabalho/take-blip-challenge/src/components/Header/index.tsx","statementMap":{"0":{"start":{"line":5,"column":15},"end":{"line":11,"column":1}},"1":{"start":{"line":6,"column":2},"end":{"line":10,"column":4}}},"fnMap":{"0":{"name":"(anonymous_0)","decl":{"start":{"line":5,"column":15},"end":{"line":5,"column":16}},"loc":{"start":{"line":5,"column":21},"end":{"line":11,"column":1}},"line":5}},"branchMap":{},"s":{"0":3,"1":1},"f":{"0":1},"b":{},"_coverageSchema":"1a1c01bbd47fc00a2c39e90264f33305004495a9","hash":"55ee0937cdce157d4e5fbb7b6d94f17d1f77239e"}
,"/home/jonatas/projetosTrabalho/take-blip-challenge/src/context/cards.tsx": {"path":"/home/jonatas/projetosTrabalho/take-blip-challenge/src/context/cards.tsx","statementMap":{"0":{"start":{"line":6,"column":28},"end":{"line":6,"column":56}},"1":{"start":{"line":8,"column":27},"end":{"line":34,"column":1}},"2":{"start":{"line":9,"column":28},"end":{"line":9,"column":56}},"3":{"start":{"line":10,"column":32},"end":{"line":10,"column":68}},"4":{"start":{"line":11,"column":2},"end":{"line":21,"column":9}},"5":{"start":{"line":12,"column":36},"end":{"line":12,"column":38}},"6":{"start":{"line":13,"column":4},"end":{"line":20,"column":7}},"7":{"start":{"line":14,"column":6},"end":{"line":18,"column":9}},"8":{"start":{"line":15,"column":8},"end":{"line":15,"column":32}},"9":{"start":{"line":16,"column":8},"end":{"line":16,"column":37}},"10":{"start":{"line":17,"column":8},"end":{"line":17,"column":33}},"11":{"start":{"line":19,"column":6},"end":{"line":19,"column":30}},"12":{"start":{"line":22,"column":2},"end":{"line":33,"column":4}}},"fnMap":{"0":{"name":"(anonymous_0)","decl":{"start":{"line":8,"column":27},"end":{"line":8,"column":28}},"loc":{"start":{"line":8,"column":50},"end":{"line":34,"column":1}},"line":8},"1":{"name":"(anonymous_1)","decl":{"start":{"line":11,"column":18},"end":{"line":11,"column":19}},"loc":{"start":{"line":11,"column":24},"end":{"line":21,"column":3}},"line":11},"2":{"name":"(anonymous_2)","decl":{"start":{"line":13,"column":37},"end":{"line":13,"column":38}},"loc":{"start":{"line":13,"column":51},"end":{"line":20,"column":5}},"line":13},"3":{"name":"(anonymous_3)","decl":{"start":{"line":14,"column":28},"end":{"line":14,"column":29}},"loc":{"start":{"line":14,"column":46},"end":{"line":18,"column":7}},"line":14}},"branchMap":{},"s":{"0":3,"1":3,"2":0,"3":0,"4":0,"5":0,"6":0,"7":0,"8":0,"9":0,"10":0,"11":0,"12":0},"f":{"0":0,"1":0,"2":0,"3":0},"b":{},"_coverageSchema":"1a1c01bbd47fc00a2c39e90264f33305004495a9","hash":"d8585af56e8a0a1669acdcd5425f5440a5bf5c4f"}
,"/home/jonatas/projetosTrabalho/take-blip-challenge/src/pages/Details/index.tsx": {"path":"/home/jonatas/projetosTrabalho/take-blip-challenge/src/pages/Details/index.tsx","statementMap":{"0":{"start":{"line":13,"column":21},"end":{"line":81,"column":1}},"1":{"start":{"line":14,"column":22},"end":{"line":14,"column":61}},"2":{"start":{"line":15,"column":2},"end":{"line":80,"column":4}},"3":{"start":{"line":70,"column":33},"end":{"line":70,"column":50}}},"fnMap":{"0":{"name":"(anonymous_0)","decl":{"start":{"line":13,"column":21},"end":{"line":13,"column":22}},"loc":{"start":{"line":13,"column":27},"end":{"line":81,"column":1}},"line":13},"1":{"name":"(anonymous_1)","decl":{"start":{"line":70,"column":27},"end":{"line":70,"column":28}},"loc":{"start":{"line":70,"column":33},"end":{"line":70,"column":50}},"line":70}},"branchMap":{"0":{"loc":{"start":{"line":19,"column":20},"end":{"line":19,"column":61}},"type":"cond-expr","locations":[{"start":{"line":19,"column":37},"end":{"line":19,"column":50}},{"start":{"line":19,"column":53},"end":{"line":19,"column":61}}],"line":19}},"s":{"0":1,"1":1,"2":1,"3":0},"f":{"0":1,"1":0},"b":{"0":[1,0]},"_coverageSchema":"1a1c01bbd47fc00a2c39e90264f33305004495a9","hash":"69ec62d8f3f3f32cff0dfcb1e579a2959ffef9be"}
,"/home/jonatas/projetosTrabalho/take-blip-challenge/src/pages/Home/index.tsx": {"path":"/home/jonatas/projetosTrabalho/take-blip-challenge/src/pages/Home/index.tsx","statementMap":{"0":{"start":{"line":15,"column":30},"end":{"line":15,"column":42}},"1":{"start":{"line":16,"column":44},"end":{"line":16,"column":79}},"2":{"start":{"line":18,"column":4},"end":{"line":18,"column":43}},"3":{"start":{"line":19,"column":17},"end":{"line":19,"column":30}},"4":{"start":{"line":20,"column":31},"end":{"line":23,"column":3}},"5":{"start":{"line":21,"column":24},"end":{"line":21,"column":46}},"6":{"start":{"line":22,"column":4},"end":{"line":22,"column":31}},"7":{"start":{"line":24,"column":28},"end":{"line":27,"column":3}},"8":{"start":{"line":25,"column":24},"end":{"line":25,"column":42}},"9":{"start":{"line":26,"column":4},"end":{"line":26,"column":31}},"10":{"start":{"line":28,"column":23},"end":{"line":30,"column":3}},"11":{"start":{"line":29,"column":4},"end":{"line":29,"column":37}},"12":{"start":{"line":32,"column":24},"end":{"line":43,"column":3}},"13":{"start":{"line":33,"column":23},"end":{"line":33,"column":27}},"14":{"start":{"line":34,"column":4},"end":{"line":36,"column":5}},"15":{"start":{"line":35,"column":6},"end":{"line":35,"column":47}},"16":{"start":{"line":37,"column":4},"end":{"line":42,"column":6}},"17":{"start":{"line":39,"column":8},"end":{"line":39,"column":34}},"18":{"start":{"line":40,"column":8},"end":{"line":40,"column":28}},"19":{"start":{"line":44,"column":32},"end":{"line":79,"column":3}},"20":{"start":{"line":45,"column":4},"end":{"line":78,"column":5}},"21":{"start":{"line":47,"column":8},"end":{"line":60,"column":10}},"22":{"start":{"line":50,"column":29},"end":{"line":50,"column":54}},"23":{"start":{"line":55,"column":29},"end":{"line":55,"column":53}},"24":{"start":{"line":62,"column":8},"end":{"line":75,"column":10}},"25":{"start":{"line":65,"column":29},"end":{"line":65,"column":54}},"26":{"start":{"line":70,"column":29},"end":{"line":70,"column":53}},"27":{"start":{"line":77,"column":8},"end":{"line":77,"column":14}},"28":{"start":{"line":81,"column":20},"end":{"line":81,"column":40}},"29":{"start":{"line":82,"column":2},"end":{"line":174,"column":4}},"30":{"start":{"line":102,"column":43},"end":{"line":102,"column":68}},"31":{"start":{"line":107,"column":16},"end":{"line":134,"column":21}},"32":{"start":{"line":141,"column":14},"end":{"line":168,"column":19}}},"fnMap":{"0":{"name":"Home","decl":{"start":{"line":14,"column":9},"end":{"line":14,"column":13}},"loc":{"start":{"line":14,"column":16},"end":{"line":175,"column":1}},"line":14},"1":{"name":"(anonymous_1)","decl":{"start":{"line":20,"column":31},"end":{"line":20,"column":32}},"loc":{"start":{"line":20,"column":37},"end":{"line":23,"column":3}},"line":20},"2":{"name":"(anonymous_2)","decl":{"start":{"line":24,"column":28},"end":{"line":24,"column":29}},"loc":{"start":{"line":24,"column":34},"end":{"line":27,"column":3}},"line":24},"3":{"name":"(anonymous_3)","decl":{"start":{"line":28,"column":23},"end":{"line":28,"column":24}},"loc":{"start":{"line":28,"column":65},"end":{"line":30,"column":3}},"line":28},"4":{"name":"(anonymous_4)","decl":{"start":{"line":32,"column":24},"end":{"line":32,"column":25}},"loc":{"start":{"line":32,"column":48},"end":{"line":43,"column":3}},"line":32},"5":{"name":"(anonymous_5)","decl":{"start":{"line":38,"column":6},"end":{"line":38,"column":7}},"loc":{"start":{"line":38,"column":20},"end":{"line":41,"column":7}},"line":38},"6":{"name":"(anonymous_6)","decl":{"start":{"line":44,"column":32},"end":{"line":44,"column":33}},"loc":{"start":{"line":44,"column":38},"end":{"line":79,"column":3}},"line":44},"7":{"name":"(anonymous_7)","decl":{"start":{"line":50,"column":23},"end":{"line":50,"column":24}},"loc":{"start":{"line":50,"column":29},"end":{"line":50,"column":54}},"line":50},"8":{"name":"(anonymous_8)","decl":{"start":{"line":55,"column":23},"end":{"line":55,"column":24}},"loc":{"start":{"line":55,"column":29},"end":{"line":55,"column":53}},"line":55},"9":{"name":"(anonymous_9)","decl":{"start":{"line":65,"column":23},"end":{"line":65,"column":24}},"loc":{"start":{"line":65,"column":29},"end":{"line":65,"column":54}},"line":65},"10":{"name":"(anonymous_10)","decl":{"start":{"line":70,"column":23},"end":{"line":70,"column":24}},"loc":{"start":{"line":70,"column":29},"end":{"line":70,"column":53}},"line":70},"11":{"name":"(anonymous_11)","decl":{"start":{"line":102,"column":25},"end":{"line":102,"column":26}},"loc":{"start":{"line":102,"column":43},"end":{"line":102,"column":68}},"line":102},"12":{"name":"(anonymous_12)","decl":{"start":{"line":106,"column":25},"end":{"line":106,"column":26}},"loc":{"start":{"line":107,"column":16},"end":{"line":134,"column":21}},"line":107},"13":{"name":"(anonymous_13)","decl":{"start":{"line":140,"column":23},"end":{"line":140,"column":24}},"loc":{"start":{"line":141,"column":14},"end":{"line":168,"column":19}},"line":141}},"branchMap":{"0":{"loc":{"start":{"line":34,"column":4},"end":{"line":36,"column":5}},"type":"if","locations":[{"start":{"line":34,"column":4},"end":{"line":36,"column":5}},{"start":{},"end":{}}],"line":34},"1":{"loc":{"start":{"line":45,"column":4},"end":{"line":78,"column":5}},"type":"switch","locations":[{"start":{"line":46,"column":6},"end":{"line":60,"column":10}},{"start":{"line":61,"column":6},"end":{"line":75,"column":10}},{"start":{"line":76,"column":6},"end":{"line":77,"column":14}}],"line":45},"2":{"loc":{"start":{"line":102,"column":13},"end":{"line":104,"column":13}},"type":"binary-expr","locations":[{"start":{"line":102,"column":13},"end":{"line":102,"column":69}},{"start":{"line":103,"column":14},"end":{"line":103,"column":47}}],"line":102},"3":{"loc":{"start":{"line":107,"column":16},"end":{"line":134,"column":21}},"type":"cond-expr","locations":[{"start":{"line":108,"column":20},"end":{"line":121,"column":21}},{"start":{"line":122,"column":20},"end":{"line":134,"column":21}}],"line":107},"4":{"loc":{"start":{"line":108,"column":20},"end":{"line":121,"column":21}},"type":"binary-expr","locations":[{"start":{"line":108,"column":20},"end":{"line":108,"column":35}},{"start":{"line":109,"column":20},"end":{"line":109,"column":48}},{"start":{"line":110,"column":22},"end":{"line":120,"column":24}}],"line":108},"5":{"loc":{"start":{"line":122,"column":20},"end":{"line":134,"column":21}},"type":"binary-expr","locations":[{"start":{"line":122,"column":20},"end":{"line":122,"column":35}},{"start":{"line":123,"column":22},"end":{"line":133,"column":24}}],"line":122},"6":{"loc":{"start":{"line":141,"column":14},"end":{"line":168,"column":19}},"type":"cond-expr","locations":[{"start":{"line":142,"column":18},"end":{"line":155,"column":19}},{"start":{"line":156,"column":18},"end":{"line":168,"column":19}}],"line":141},"7":{"loc":{"start":{"line":142,"column":18},"end":{"line":155,"column":19}},"type":"binary-expr","locations":[{"start":{"line":142,"column":18},"end":{"line":142,"column":34}},{"start":{"line":143,"column":18},"end":{"line":143,"column":46}},{"start":{"line":144,"column":20},"end":{"line":154,"column":22}}],"line":142},"8":{"loc":{"start":{"line":156,"column":18},"end":{"line":168,"column":19}},"type":"binary-expr","locations":[{"start":{"line":156,"column":18},"end":{"line":156,"column":34}},{"start":{"line":157,"column":20},"end":{"line":167,"column":22}}],"line":156}},"s":{"0":1,"1":1,"2":1,"3":1,"4":1,"5":0,"6":0,"7":1,"8":0,"9":0,"10":1,"11":0,"12":1,"13":0,"14":0,"15":0,"16":0,"17":0,"18":0,"19":1,"20":1,"21":1,"22":0,"23":0,"24":0,"25":0,"26":0,"27":0,"28":1,"29":1,"30":1,"31":1,"32":1},"f":{"0":1,"1":0,"2":0,"3":0,"4":0,"5":0,"6":1,"7":0,"8":0,"9":0,"10":0,"11":1,"12":1,"13":1},"b":{"0":[0,0],"1":[1,0,0],"2":[1,0],"3":[0,1],"4":[0,0,0],"5":[1,1],"6":[0,1],"7":[0,0,0],"8":[1,0]},"_coverageSchema":"1a1c01bbd47fc00a2c39e90264f33305004495a9","hash":"5a0cf3663e555c89f02f0cb92548a738a23170dc"}
,"/home/jonatas/projetosTrabalho/take-blip-challenge/src/services/HttpApi.service.ts": {"path":"/home/jonatas/projetosTrabalho/take-blip-challenge/src/services/HttpApi.service.ts","statementMap":{"0":{"start":{"line":3,"column":12},"end":{"line":7,"column":1}},"1":{"start":{"line":4,"column":2},"end":{"line":6,"column":5}},"2":{"start":{"line":9,"column":19},"end":{"line":11,"column":1}},"3":{"start":{"line":10,"column":2},"end":{"line":10,"column":47}},"4":{"start":{"line":13,"column":30},"end":{"line":13,"column":49}}},"fnMap":{"0":{"name":"(anonymous_0)","decl":{"start":{"line":3,"column":12},"end":{"line":3,"column":13}},"loc":{"start":{"line":3,"column":52},"end":{"line":7,"column":1}},"line":3},"1":{"name":"(anonymous_1)","decl":{"start":{"line":9,"column":19},"end":{"line":9,"column":20}},"loc":{"start":{"line":9,"column":48},"end":{"line":11,"column":1}},"line":9}},"branchMap":{},"s":{"0":3,"1":0,"2":3,"3":0,"4":3},"f":{"0":0,"1":0},"b":{},"_coverageSchema":"1a1c01bbd47fc00a2c39e90264f33305004495a9","hash":"95529a9e10192e4f4c7fe42017c1bff76d53e43b"}
,"/home/jonatas/projetosTrabalho/take-blip-challenge/src/services/api.ts": {"path":"/home/jonatas/projetosTrabalho/take-blip-challenge/src/services/api.ts","statementMap":{"0":{"start":{"line":3,"column":19},"end":{"line":5,"column":2}}},"fnMap":{},"branchMap":{},"s":{"0":3},"f":{},"b":{},"_coverageSchema":"1a1c01bbd47fc00a2c39e90264f33305004495a9","hash":"7967f40ef9fc3e2bd035a14967fe937d9366450d"}
,"/home/jonatas/projetosTrabalho/take-blip-challenge/src/utils/formatDate.ts": {"path":"/home/jonatas/projetosTrabalho/take-blip-challenge/src/utils/formatDate.ts","statementMap":{"0":{"start":{"line":1,"column":19},"end":{"line":5,"column":1}},"1":{"start":{"line":2,"column":2},"end":{"line":4,"column":28}},"2":{"start":{"line":7,"column":17},"end":{"line":13,"column":1}},"3":{"start":{"line":8,"column":2},"end":{"line":12,"column":3}},"4":{"start":{"line":9,"column":4},"end":{"line":9,"column":23}},"5":{"start":{"line":11,"column":4},"end":{"line":11,"column":17}}},"fnMap":{"0":{"name":"(anonymous_0)","decl":{"start":{"line":1,"column":19},"end":{"line":1,"column":20}},"loc":{"start":{"line":1,"column":35},"end":{"line":5,"column":1}},"line":1},"1":{"name":"(anonymous_1)","decl":{"start":{"line":7,"column":17},"end":{"line":7,"column":18}},"loc":{"start":{"line":7,"column":36},"end":{"line":13,"column":1}},"line":7}},"branchMap":{"0":{"loc":{"start":{"line":8,"column":2},"end":{"line":12,"column":3}},"type":"if","locations":[{"start":{"line":8,"column":2},"end":{"line":12,"column":3}},{"start":{"line":10,"column":9},"end":{"line":12,"column":3}}],"line":8}},"s":{"0":3,"1":1,"2":3,"3":2,"4":2,"5":0},"f":{"0":1,"1":2},"b":{"0":[2,0]},"_coverageSchema":"1a1c01bbd47fc00a2c39e90264f33305004495a9","hash":"2174080922ae749137b8efe9d2d20e5eddd66b72"}
,"/home/jonatas/projetosTrabalho/take-blip-challenge/src/utils/generateColor.ts": {"path":"/home/jonatas/projetosTrabalho/take-blip-challenge/src/utils/generateColor.ts","statementMap":{"0":{"start":{"line":1,"column":22},"end":{"line":10,"column":1}},"1":{"start":{"line":2,"column":18},"end":{"line":2,"column":36}},"2":{"start":{"line":3,"column":14},"end":{"line":3,"column":17}},"3":{"start":{"line":5,"column":2},"end":{"line":7,"column":3}},"4":{"start":{"line":5,"column":15},"end":{"line":5,"column":16}},"5":{"start":{"line":6,"column":4},"end":{"line":6,"column":53}},"6":{"start":{"line":9,"column":2},"end":{"line":9,"column":15}}},"fnMap":{"0":{"name":"(anonymous_0)","decl":{"start":{"line":1,"column":22},"end":{"line":1,"column":23}},"loc":{"start":{"line":1,"column":28},"end":{"line":10,"column":1}},"line":1}},"branchMap":{},"s":{"0":3,"1":0,"2":0,"3":0,"4":0,"5":0,"6":0},"f":{"0":0},"b":{},"_coverageSchema":"1a1c01bbd47fc00a2c39e90264f33305004495a9","hash":"e395a6084a1743b50e23624cf742655cedcebefe"}
,"/home/jonatas/projetosTrabalho/take-blip-challenge/src/utils/index.ts": {"path":"/home/jonatas/projetosTrabalho/take-blip-challenge/src/utils/index.ts","statementMap":{},"fnMap":{},"branchMap":{},"s":{},"f":{},"b":{},"_coverageSchema":"1a1c01bbd47fc00a2c39e90264f33305004495a9","hash":"a507c33813c07c1a2ac1b3a23dccf811d139e681"}
,"/home/jonatas/projetosTrabalho/take-blip-challenge/src/utils/numberFormat.ts": {"path":"/home/jonatas/projetosTrabalho/take-blip-challenge/src/utils/numberFormat.ts","statementMap":{"0":{"start":{"line":1,"column":21},"end":{"line":3,"column":1}},"1":{"start":{"line":2,"column":2},"end":{"line":2,"column":40}}},"fnMap":{"0":{"name":"(anonymous_0)","decl":{"start":{"line":1,"column":21},"end":{"line":1,"column":22}},"loc":{"start":{"line":1,"column":41},"end":{"line":3,"column":1}},"line":1}},"branchMap":{},"s":{"0":3,"1":3},"f":{"0":3},"b":{},"_coverageSchema":"1a1c01bbd47fc00a2c39e90264f33305004495a9","hash":"2ba1e5db7d7d35befb697930af9021bf6db30aad"}
,"/home/jonatas/projetosTrabalho/take-blip-challenge/src/utils/orderByCreation.ts": {"path":"/home/jonatas/projetosTrabalho/take-blip-challenge/src/utils/orderByCreation.ts","statementMap":{"0":{"start":{"line":3,"column":24},"end":{"line":19,"column":1}},"1":{"start":{"line":4,"column":19},"end":{"line":17,"column":4}},"2":{"start":{"line":5,"column":4},"end":{"line":8,"column":5}},"3":{"start":{"line":6,"column":6},"end":{"line":6,"column":24}},"4":{"start":{"line":7,"column":6},"end":{"line":7,"column":42}},"5":{"start":{"line":9,"column":4},"end":{"line":12,"column":5}},"6":{"start":{"line":10,"column":6},"end":{"line":10,"column":24}},"7":{"start":{"line":11,"column":6},"end":{"line":11,"column":42}},"8":{"start":{"line":13,"column":4},"end":{"line":13,"column":22}},"9":{"start":{"line":14,"column":18},"end":{"line":14,"column":37}},"10":{"start":{"line":15,"column":18},"end":{"line":15,"column":37}},"11":{"start":{"line":16,"column":4},"end":{"line":16,"column":41}},"12":{"start":{"line":18,"column":2},"end":{"line":18,"column":18}}},"fnMap":{"0":{"name":"(anonymous_0)","decl":{"start":{"line":3,"column":24},"end":{"line":3,"column":25}},"loc":{"start":{"line":3,"column":45},"end":{"line":19,"column":1}},"line":3},"1":{"name":"(anonymous_1)","decl":{"start":{"line":4,"column":30},"end":{"line":4,"column":31}},"loc":{"start":{"line":4,"column":40},"end":{"line":17,"column":3}},"line":4}},"branchMap":{"0":{"loc":{"start":{"line":5,"column":4},"end":{"line":8,"column":5}},"type":"if","locations":[{"start":{"line":5,"column":4},"end":{"line":8,"column":5}},{"start":{},"end":{}}],"line":5},"1":{"loc":{"start":{"line":5,"column":8},"end":{"line":5,"column":52}},"type":"binary-expr","locations":[{"start":{"line":5,"column":8},"end":{"line":5,"column":31}},{"start":{"line":5,"column":35},"end":{"line":5,"column":52}}],"line":5},"2":{"loc":{"start":{"line":9,"column":4},"end":{"line":12,"column":5}},"type":"if","locations":[{"start":{"line":9,"column":4},"end":{"line":12,"column":5}},{"start":{},"end":{}}],"line":9}},"s":{"0":3,"1":0,"2":0,"3":0,"4":0,"5":0,"6":0,"7":0,"8":0,"9":0,"10":0,"11":0,"12":0},"f":{"0":0,"1":0},"b":{"0":[0,0],"1":[0,0],"2":[0,0]},"_coverageSchema":"1a1c01bbd47fc00a2c39e90264f33305004495a9","hash":"02c4f99df902ba284de092ca04e79ddc60a221c1"}
,"/home/jonatas/projetosTrabalho/take-blip-challenge/src/utils/orderByName.ts": {"path":"/home/jonatas/projetosTrabalho/take-blip-challenge/src/utils/orderByName.ts","statementMap":{"0":{"start":{"line":3,"column":20},"end":{"line":6,"column":1}},"1":{"start":{"line":4,"column":19},"end":{"line":4,"column":69}},"2":{"start":{"line":4,"column":40},"end":{"line":4,"column":68}},"3":{"start":{"line":5,"column":2},"end":{"line":5,"column":18}}},"fnMap":{"0":{"name":"(anonymous_0)","decl":{"start":{"line":3,"column":20},"end":{"line":3,"column":21}},"loc":{"start":{"line":3,"column":41},"end":{"line":6,"column":1}},"line":3},"1":{"name":"(anonymous_1)","decl":{"start":{"line":4,"column":30},"end":{"line":4,"column":31}},"loc":{"start":{"line":4,"column":40},"end":{"line":4,"column":68}},"line":4}},"branchMap":{},"s":{"0":3,"1":0,"2":0,"3":0},"f":{"0":0,"1":0},"b":{},"_coverageSchema":"1a1c01bbd47fc00a2c39e90264f33305004495a9","hash":"06f0eff753fc5e6287cff0caf983129dd734a4b6"}
}
